<?xml version="1.0" encoding="UTF-8"?>
<testsuite name="org.example.nosmoke.service.quitsurvey.QuitSurveyServiceTest" tests="5" skipped="0" failures="0" errors="0" timestamp="2026-01-15T15:37:30.019Z" hostname="minseunghwan-ui-MacBookPro.local" time="0.039">
  <properties/>
  <testcase name="설문 저장 성공 - 금연 성공 시 포인트 지급 확인" classname="org.example.nosmoke.service.quitsurvey.QuitSurveyServiceTest" time="0.029"/>
  <testcase name="설문 저장 실패 - 존재하지 않는 유저" classname="org.example.nosmoke.service.quitsurvey.QuitSurveyServiceTest" time="0.002"/>
  <testcase name="설문 목록 조회 성공" classname="org.example.nosmoke.service.quitsurvey.QuitSurveyServiceTest" time="0.002"/>
  <testcase name="설문 조회 실패 - 유저 없음" classname="org.example.nosmoke.service.quitsurvey.QuitSurveyServiceTest" time="0.001"/>
  <testcase name="설문 저장 성공 - 금연 실패 시 포인트 미지급 확인" classname="org.example.nosmoke.service.quitsurvey.QuitSurveyServiceTest" time="0.002"/>
  <system-out><![CDATA[]]></system-out>
  <system-err><![CDATA[]]></system-err>
</testsuite>
