<?xml version="1.0" encoding="UTF-8"?>
<testsuite name="org.example.nosmoke.repository.QuitSurveyRepositoryTest" tests="2" skipped="0" failures="0" errors="0" timestamp="2026-01-18T02:43:57.529Z" hostname="minseunghwan-ui-MacBookPro.local" time="0.329">
  <properties/>
  <testcase name="최근 5개 조회 (findTop5ByUserIdOrderByCreatedAtDesc) 테스트" classname="org.example.nosmoke.repository.QuitSurveyRepositoryTest" time="0.312"/>
  <testcase name="DTO 직접 조회 쿼리(findAllLightByUserId) 테스트" classname="org.example.nosmoke.repository.QuitSurveyRepositoryTest" time="0.016"/>
  <system-out><![CDATA[11:43:55.915 [Test worker] INFO org.springframework.test.context.support.AnnotationConfigContextLoaderUtils -- Could not detect default configuration classes for test class [org.example.nosmoke.repository.QuitSurveyRepositoryTest]: QuitSurveyRepositoryTest does not declare any static, non-private, non-final, nested classes annotated with @Configuration.
11:43:55.979 [Test worker] INFO org.springframework.boot.test.context.SpringBootTestContextBootstrapper -- Found @SpringBootConfiguration org.example.nosmoke.NoSmokeApplication for test class org.example.nosmoke.repository.QuitSurveyRepositoryTest

  .   ____          _            __ _ _
 /\\ / ___'_ __ _ _(_)_ __  __ _ \ \ \ \
( ( )\___ | '_ | '_| | '_ \/ _` | \ \ \ \
 \\/  ___)| |_)| | | | | || (_| |  ) ) ) )
  '  |____| .__|_| |_|_| |_\__, | / / / /
 =========|_|==============|___/=/_/_/_/

 :: Spring Boot ::                (v3.5.3)

2026-01-18T11:43:56.122+09:00  INFO 15269 --- [    Test worker] o.e.n.r.QuitSurveyRepositoryTest         : Starting QuitSurveyRepositoryTest using Java 21.0.9 with PID 15269 (started by minseunghwan in /Users/minseunghwan/Desktop/nosmoke_git/NoSmoke/backend)
2026-01-18T11:43:56.122+09:00  INFO 15269 --- [    Test worker] o.e.n.r.QuitSurveyRepositoryTest         : No active profile set, falling back to 1 default profile: "default"
2026-01-18T11:43:56.291+09:00  INFO 15269 --- [    Test worker] .s.d.r.c.RepositoryConfigurationDelegate : Multiple Spring Data modules found, entering strict repository configuration mode
2026-01-18T11:43:56.291+09:00  INFO 15269 --- [    Test worker] .s.d.r.c.RepositoryConfigurationDelegate : Bootstrapping Spring Data JPA repositories in DEFAULT mode.
2026-01-18T11:43:56.347+09:00  INFO 15269 --- [    Test worker] .s.d.r.c.RepositoryConfigurationDelegate : Finished Spring Data repository scanning in 52 ms. Found 4 JPA repository interfaces.
2026-01-18T11:43:56.373+09:00  INFO 15269 --- [    Test worker] beddedDataSourceBeanFactoryPostProcessor : Replacing 'dataSource' DataSource bean with embedded version
2026-01-18T11:43:56.427+09:00  INFO 15269 --- [    Test worker] o.s.j.d.e.EmbeddedDatabaseFactory        : Starting embedded database: url='jdbc:h2:mem:00b9eecd-99fc-4c16-817e-9f8238a16219;DB_CLOSE_DELAY=-1;DB_CLOSE_ON_EXIT=false', username='sa'
2026-01-18T11:43:56.554+09:00  INFO 15269 --- [    Test worker] org.flywaydb.core.FlywayExecutor         : Database: jdbc:h2:mem:00b9eecd-99fc-4c16-817e-9f8238a16219 (H2 2.3)
2026-01-18T11:43:56.563+09:00  INFO 15269 --- [    Test worker] o.f.c.i.s.JdbcTableSchemaHistory         : Schema history table "PUBLIC"."flyway_schema_history" does not exist yet
2026-01-18T11:43:56.563+09:00  INFO 15269 --- [    Test worker] o.f.core.internal.command.DbValidate     : Successfully validated 1 migration (execution time 00:00.004s)
2026-01-18T11:43:56.566+09:00  INFO 15269 --- [    Test worker] o.f.c.i.s.JdbcTableSchemaHistory         : Creating Schema History table "PUBLIC"."flyway_schema_history" ...
2026-01-18T11:43:56.580+09:00  INFO 15269 --- [    Test worker] o.f.core.internal.command.DbMigrate      : Current version of schema "PUBLIC": << Empty Schema >>
2026-01-18T11:43:56.585+09:00  INFO 15269 --- [    Test worker] o.f.core.internal.command.DbMigrate      : Migrating schema "PUBLIC" to version "1 - init"
2026-01-18T11:43:56.595+09:00  INFO 15269 --- [    Test worker] o.f.core.internal.command.DbMigrate      : Successfully applied 1 migration to schema "PUBLIC", now at version v1 (execution time 00:00.005s)
2026-01-18T11:43:56.639+09:00  INFO 15269 --- [    Test worker] o.hibernate.jpa.internal.util.LogHelper  : HHH000204: Processing PersistenceUnitInfo [name: default]
2026-01-18T11:43:56.665+09:00  INFO 15269 --- [    Test worker] org.hibernate.Version                    : HHH000412: Hibernate ORM core version 6.6.18.Final
2026-01-18T11:43:56.676+09:00  INFO 15269 --- [    Test worker] o.h.c.internal.RegionFactoryInitiator    : HHH000026: Second-level cache disabled
2026-01-18T11:43:56.765+09:00  INFO 15269 --- [    Test worker] o.s.o.j.p.SpringPersistenceUnitInfo      : No LoadTimeWeaver setup: ignoring JPA class transformer
2026-01-18T11:43:56.793+09:00  INFO 15269 --- [    Test worker] org.hibernate.orm.connections.pooling    : HHH10001005: Database info:
	Database JDBC URL [Connecting through datasource 'org.springframework.jdbc.datasource.embedded.EmbeddedDatabaseFactory$EmbeddedDataSourceProxy@3dfc59c5']
	Database driver: undefined/unknown
	Database version: 2.3.232
	Autocommit mode: undefined/unknown
	Isolation level: undefined/unknown
	Minimum pool size: undefined/unknown
	Maximum pool size: undefined/unknown
2026-01-18T11:43:57.089+09:00  INFO 15269 --- [    Test worker] o.h.e.t.j.p.i.JtaPlatformInitiator       : HHH000489: No JTA platform available (set 'hibernate.transaction.jta.platform' to enable JTA platform integration)
Hibernate: 
    alter table if exists smoking_info 
       add column quit_goal varchar(255)
2026-01-18T11:43:57.102+09:00  INFO 15269 --- [    Test worker] j.LocalContainerEntityManagerFactoryBean : Initialized JPA EntityManagerFactory for persistence unit 'default'
2026-01-18T11:43:57.231+09:00  INFO 15269 --- [    Test worker] o.s.d.j.r.query.QueryEnhancerFactory     : Hibernate is in classpath; If applicable, HQL parser will be used.
2026-01-18T11:43:57.526+09:00  INFO 15269 --- [    Test worker] o.e.n.r.QuitSurveyRepositoryTest         : Started QuitSurveyRepositoryTest in 1.513 seconds (process running for 1.948)
Hibernate: 
    insert 
    into
        quit_survey
        (additional_notes, craving_level, created_at, is_success, modified_at, stress_cause, stress_level, user_id, id) 
    values
        (?, ?, ?, ?, ?, ?, ?, ?, default)
Hibernate: 
    insert 
    into
        quit_survey
        (additional_notes, craving_level, created_at, is_success, modified_at, stress_cause, stress_level, user_id, id) 
    values
        (?, ?, ?, ?, ?, ?, ?, ?, default)
Hibernate: 
    insert 
    into
        quit_survey
        (additional_notes, craving_level, created_at, is_success, modified_at, stress_cause, stress_level, user_id, id) 
    values
        (?, ?, ?, ?, ?, ?, ?, ?, default)
Hibernate: 
    insert 
    into
        quit_survey
        (additional_notes, craving_level, created_at, is_success, modified_at, stress_cause, stress_level, user_id, id) 
    values
        (?, ?, ?, ?, ?, ?, ?, ?, default)
Hibernate: 
    insert 
    into
        quit_survey
        (additional_notes, craving_level, created_at, is_success, modified_at, stress_cause, stress_level, user_id, id) 
    values
        (?, ?, ?, ?, ?, ?, ?, ?, default)
Hibernate: 
    insert 
    into
        quit_survey
        (additional_notes, craving_level, created_at, is_success, modified_at, stress_cause, stress_level, user_id, id) 
    values
        (?, ?, ?, ?, ?, ?, ?, ?, default)
Hibernate: 
    select
        qs1_0.id,
        qs1_0.additional_notes,
        qs1_0.craving_level,
        qs1_0.created_at,
        qs1_0.is_success,
        qs1_0.modified_at,
        qs1_0.stress_cause,
        qs1_0.stress_level,
        qs1_0.user_id 
    from
        quit_survey qs1_0 
    where
        qs1_0.user_id=? 
    order by
        qs1_0.created_at desc 
    fetch
        first ? rows only
Hibernate: 
    insert 
    into
        quit_survey
        (additional_notes, craving_level, created_at, is_success, modified_at, stress_cause, stress_level, user_id, id) 
    values
        (?, ?, ?, ?, ?, ?, ?, ?, default)
Hibernate: 
    insert 
    into
        quit_survey
        (additional_notes, craving_level, created_at, is_success, modified_at, stress_cause, stress_level, user_id, id) 
    values
        (?, ?, ?, ?, ?, ?, ?, ?, default)
Hibernate: 
    insert 
    into
        quit_survey
        (additional_notes, craving_level, created_at, is_success, modified_at, stress_cause, stress_level, user_id, id) 
    values
        (?, ?, ?, ?, ?, ?, ?, ?, default)
Hibernate: 
    select
        qs1_0.is_success,
        qs1_0.created_at 
    from
        quit_survey qs1_0 
    where
        qs1_0.user_id=? 
    order by
        qs1_0.created_at desc 
    fetch
        first ? rows only
]]></system-out>
  <system-err><![CDATA[Mockito is currently self-attaching to enable the inline-mock-maker. This will no longer work in future releases of the JDK. Please add Mockito as an agent to your build as described in Mockito's documentation: https://javadoc.io/doc/org.mockito/mockito-core/latest/org.mockito/org/mockito/Mockito.html#0.3
WARNING: A Java agent has been loaded dynamically (/Users/minseunghwan/.gradle/caches/modules-2/files-2.1/net.bytebuddy/byte-buddy-agent/1.17.6/17b32fd9f57deef02842f7f05abc4ad8127fe34e/byte-buddy-agent-1.17.6.jar)
WARNING: If a serviceability tool is in use, please run with -XX:+EnableDynamicAgentLoading to hide this warning
WARNING: If a serviceability tool is not in use, please run with -Djdk.instrument.traceUsage for more information
WARNING: Dynamic loading of agents will be disallowed by default in a future release
]]></system-err>
</testsuite>
