<?xml version="1.0" encoding="UTF-8"?>
<testsuite name="org.example.nosmoke.service.monkey.MonkeyServiceTest" tests="5" skipped="0" failures="0" errors="0" timestamp="2026-01-15T15:37:29.971Z" hostname="minseunghwan-ui-MacBookPro.local" time="0.048">
  <properties/>
  <testcase name="페르소나(원숭이) 프롬프트 생성 성공" classname="org.example.nosmoke.service.monkey.MonkeyServiceTest" time="0.033"/>
  <testcase name="채팅 컨텍스트 조회 성공" classname="org.example.nosmoke.service.monkey.MonkeyServiceTest" time="0.005"/>
  <testcase name="메시지 저장 성공" classname="org.example.nosmoke.service.monkey.MonkeyServiceTest" time="0.004"/>
  <testcase name="건강 분석 프롬프트 생성 성공" classname="org.example.nosmoke.service.monkey.MonkeyServiceTest" time="0.001"/>
  <testcase name="메시지 목록 조회 성공" classname="org.example.nosmoke.service.monkey.MonkeyServiceTest" time="0.005"/>
  <system-out><![CDATA[]]></system-out>
  <system-err><![CDATA[]]></system-err>
</testsuite>
