<?xml version="1.0" encoding="UTF-8"?>
<testsuite name="org.example.nosmoke.service.user.UserServiceTest" tests="13" skipped="0" failures="0" errors="0" timestamp="2026-01-15T15:37:30.075Z" hostname="minseunghwan-ui-MacBookPro.local" time="0.181">
  <properties/>
  <testcase name="로그인 성공" classname="org.example.nosmoke.service.user.UserServiceTest" time="0.139"/>
  <testcase name="비밀번호 변경 성공" classname="org.example.nosmoke.service.user.UserServiceTest" time="0.003"/>
  <testcase name="로그아웃 성공" classname="org.example.nosmoke.service.user.UserServiceTest" time="0.004"/>
  <testcase name="비밀번호 변경 실패 - 현재 비밀번호 불일치" classname="org.example.nosmoke.service.user.UserServiceTest" time="0.002"/>
  <testcase name="토큰 재발급 실패 - Refresh Token 불일치 (탈취 의심)" classname="org.example.nosmoke.service.user.UserServiceTest" time="0.004"/>
  <testcase name="닉네임 변경 성공" classname="org.example.nosmoke.service.user.UserServiceTest" time="0.003"/>
  <testcase name="비밀번호 변경 실패 - 새 비밀번호와 확인 비밀번호 불일치" classname="org.example.nosmoke.service.user.UserServiceTest" time="0.002"/>
  <testcase name="토큰 재발급 성공" classname="org.example.nosmoke.service.user.UserServiceTest" time="0.003"/>
  <testcase name="로그인 실패 - 비밀번호 불일치" classname="org.example.nosmoke.service.user.UserServiceTest" time="0.003"/>
  <testcase name="회원가입 실패 - 이메일 중복" classname="org.example.nosmoke.service.user.UserServiceTest" time="0.003"/>
  <testcase name="로그인 실패 - 존재하지 않는 이메일" classname="org.example.nosmoke.service.user.UserServiceTest" time="0.002"/>
  <testcase name="닉네임 변경 실패 - 이미 존재하는 닉네임" classname="org.example.nosmoke.service.user.UserServiceTest" time="0.002"/>
  <testcase name="회원가입 성공" classname="org.example.nosmoke.service.user.UserServiceTest" time="0.004"/>
  <system-out><![CDATA[]]></system-out>
  <system-err><![CDATA[]]></system-err>
</testsuite>
