<?xml version="1.0" encoding="UTF-8"?>
<testsuite name="org.example.nosmoke.service.smokinginfo.SmokingInfoServiceTest" tests="6" skipped="0" failures="0" errors="0" timestamp="2026-01-15T15:12:56.517Z" hostname="minseunghwan-ui-MacBookPro.local" time="0.626">
  <properties/>
  <testcase name="흡연 정보 수정 성공" classname="org.example.nosmoke.service.smokinginfo.SmokingInfoServiceTest" time="0.605"/>
  <testcase name="흡연 정보 저장 실패 - 유저 없음" classname="org.example.nosmoke.service.smokinginfo.SmokingInfoServiceTest" time="0.003"/>
  <testcase name="흡연 정보 저장 성공" classname="org.example.nosmoke.service.smokinginfo.SmokingInfoServiceTest" time="0.007"/>
  <testcase name="흡연 정보 조회 성공" classname="org.example.nosmoke.service.smokinginfo.SmokingInfoServiceTest" time="0.002"/>
  <testcase name="흡연 정보 수정 실패 - 정보 없음" classname="org.example.nosmoke.service.smokinginfo.SmokingInfoServiceTest" time="0.001"/>
  <testcase name="흡연 정보 조회 실패 - 정보 없음" classname="org.example.nosmoke.service.smokinginfo.SmokingInfoServiceTest" time="0.002"/>
  <system-out><![CDATA[]]></system-out>
  <system-err><![CDATA[Mockito is currently self-attaching to enable the inline-mock-maker. This will no longer work in future releases of the JDK. Please add Mockito as an agent to your build as described in Mockito's documentation: https://javadoc.io/doc/org.mockito/mockito-core/latest/org.mockito/org/mockito/Mockito.html#0.3
WARNING: A Java agent has been loaded dynamically (/Users/minseunghwan/.gradle/caches/modules-2/files-2.1/net.bytebuddy/byte-buddy-agent/1.17.6/17b32fd9f57deef02842f7f05abc4ad8127fe34e/byte-buddy-agent-1.17.6.jar)
WARNING: If a serviceability tool is in use, please run with -XX:+EnableDynamicAgentLoading to hide this warning
WARNING: If a serviceability tool is not in use, please run with -Djdk.instrument.traceUsage for more information
WARNING: Dynamic loading of agents will be disallowed by default in a future release
]]></system-err>
</testsuite>
