<?xml version="1.0" encoding="UTF-8"?>
<testsuite name="org.example.nosmoke.service.dashboard.DashboardServiceTest" tests="3" skipped="0" failures="0" errors="0" timestamp="2026-01-15T15:37:29.829Z" hostname="minseunghwan-ui-MacBookPro.local" time="0.142">
  <properties/>
  <testcase name="대시보드 조회 - 흡연 정보가 없을 때 (초기 상태)" classname="org.example.nosmoke.service.dashboard.DashboardServiceTest" time="0.137"/>
  <testcase name="대시보드 조회 실패 - 존재하지 않는 유저" classname="org.example.nosmoke.service.dashboard.DashboardServiceTest" time="0.002"/>
  <testcase name="대시보드 조회 성공 - 모든 데이터가 있을 때" classname="org.example.nosmoke.service.dashboard.DashboardServiceTest" time="0.002"/>
  <system-out><![CDATA[2026-01-16T00:37:29.946+09:00  INFO 1381 --- [    Test worker] o.e.n.s.dashboard.DashboardService       : =====================================
2026-01-16T00:37:29.946+09:00  INFO 1381 --- [    Test worker] o.e.n.s.dashboard.DashboardService       : >>> [INFO] 금연 시작일: 없음
2026-01-16T00:37:29.946+09:00  INFO 1381 --- [    Test worker] o.e.n.s.dashboard.DashboardService       : >>> [INFO] 오늘 날짜: 2026-01-16
2026-01-16T00:37:29.947+09:00  INFO 1381 --- [    Test worker] o.e.n.s.dashboard.DashboardService       : >>> [INFO] 금연 일수: 0
2026-01-16T00:37:29.947+09:00  INFO 1381 --- [    Test worker] o.e.n.s.dashboard.DashboardService       : =====================================
2026-01-16T00:37:29.947+09:00  INFO 1381 --- [    Test worker] o.e.n.s.dashboard.DashboardService       : >>> [INFO] 참지 않은 담배 개수: 0
2026-01-16T00:37:29.947+09:00  INFO 1381 --- [    Test worker] o.e.n.s.dashboard.DashboardService       : >>> [INFO] 한 갑당 가격: 4500
2026-01-16T00:37:29.947+09:00  INFO 1381 --- [    Test worker] o.e.n.s.dashboard.DashboardService       : >>> [INFO] 한 갑당 개비 수: 20
2026-01-16T00:37:29.947+09:00  INFO 1381 --- [    Test worker] o.e.n.s.dashboard.DashboardService       : >>> [INFO] 계산된 절약 금액: 0
2026-01-16T00:37:29.970+09:00  INFO 1381 --- [    Test worker] o.e.n.s.dashboard.DashboardService       : =====================================
2026-01-16T00:37:29.970+09:00  INFO 1381 --- [    Test worker] o.e.n.s.dashboard.DashboardService       : >>> [INFO] 금연 시작일: 2026-01-06
2026-01-16T00:37:29.970+09:00  INFO 1381 --- [    Test worker] o.e.n.s.dashboard.DashboardService       : >>> [INFO] 오늘 날짜: 2026-01-16
2026-01-16T00:37:29.970+09:00  INFO 1381 --- [    Test worker] o.e.n.s.dashboard.DashboardService       : >>> [INFO] 금연 일수: 10
2026-01-16T00:37:29.970+09:00  INFO 1381 --- [    Test worker] o.e.n.s.dashboard.DashboardService       : =====================================
2026-01-16T00:37:29.970+09:00  INFO 1381 --- [    Test worker] o.e.n.s.dashboard.DashboardService       : >>> [INFO] 참지 않은 담배 개수: 100
2026-01-16T00:37:29.970+09:00  INFO 1381 --- [    Test worker] o.e.n.s.dashboard.DashboardService       : >>> [INFO] 한 갑당 가격: 4500
2026-01-16T00:37:29.971+09:00  INFO 1381 --- [    Test worker] o.e.n.s.dashboard.DashboardService       : >>> [INFO] 한 갑당 개비 수: 20
2026-01-16T00:37:29.971+09:00  INFO 1381 --- [    Test worker] o.e.n.s.dashboard.DashboardService       : >>> [INFO] 계산된 절약 금액: 22500
]]></system-out>
  <system-err><![CDATA[]]></system-err>
</testsuite>
