<?xml version="1.0" encoding="UTF-8"?>
<testsuite name="org.example.nosmoke.service.smokinginfo.SmokingInfoServiceTest" tests="6" skipped="0" failures="0" errors="0" timestamp="2026-01-15T15:37:30.060Z" hostname="minseunghwan-ui-MacBookPro.local" time="0.011">
  <properties/>
  <testcase name="흡연 정보 수정 성공" classname="org.example.nosmoke.service.smokinginfo.SmokingInfoServiceTest" time="0.002"/>
  <testcase name="흡연 정보 저장 실패 - 유저 없음" classname="org.example.nosmoke.service.smokinginfo.SmokingInfoServiceTest" time="0.002"/>
  <testcase name="흡연 정보 저장 성공" classname="org.example.nosmoke.service.smokinginfo.SmokingInfoServiceTest" time="0.002"/>
  <testcase name="흡연 정보 조회 성공" classname="org.example.nosmoke.service.smokinginfo.SmokingInfoServiceTest" time="0.001"/>
  <testcase name="흡연 정보 수정 실패 - 정보 없음" classname="org.example.nosmoke.service.smokinginfo.SmokingInfoServiceTest" time="0.002"/>
  <testcase name="흡연 정보 조회 실패 - 정보 없음" classname="org.example.nosmoke.service.smokinginfo.SmokingInfoServiceTest" time="0.001"/>
  <system-out><![CDATA[]]></system-out>
  <system-err><![CDATA[]]></system-err>
</testsuite>
